2025-04-08 18:03:36.256796 - Received CBT.V508.FILE041.PDS from FILE041.XMI 
2025-04-08 18:03:36.259689 - Found $$$#DATE.txt (text/plain) in CBT.V508.FILE041.PDS, moved to PDS/$$$#DATE
2025-04-08 18:03:36.260451 - Found $ABSTRAC.txt (text/plain) in CBT.V508.FILE041.PDS, moved to PDS/$ABSTRAC
2025-04-08 18:03:36.261105 - Found $ASM1.jcl (text/plain) in CBT.V508.FILE041.PDS, moved to PDS/$ASM1
2025-04-08 18:03:36.274479 - Found $ASM4.jcl (text/plain) in CBT.V508.FILE041.PDS, moved to PDS/$ASM4
2025-04-08 18:03:36.275194 - Found $BACK1.jcl (text/plain) in CBT.V508.FILE041.PDS, moved to PDS/$BACK1
2025-04-08 18:03:36.275822 - Found $BACK4.jcl (text/plain) in CBT.V508.FILE041.PDS, moved to PDS/$BACK4
2025-04-08 18:03:36.276398 - Found $COMP.jcl (text/plain) in CBT.V508.FILE041.PDS, moved to PDS/$COMP
2025-04-08 18:03:36.277083 - Found $COPY.jcl (text/plain) in CBT.V508.FILE041.PDS, moved to PDS/$COPY
2025-04-08 18:03:36.277799 - Found $DESC.txt (text/plain) in CBT.V508.FILE041.PDS, moved to PDS/$DESC
2025-04-08 18:03:36.278483 - Found $DISCLMR.txt (text/plain) in CBT.V508.FILE041.PDS, moved to PDS/$DISCLMR
2025-04-08 18:03:36.279201 - Found $PREP1.jcl (text/plain) in CBT.V508.FILE041.PDS, moved to PDS/$PREP1
2025-04-08 18:03:36.279838 - Found $PREP4.jcl (text/plain) in CBT.V508.FILE041.PDS, moved to PDS/$PREP4
2025-04-08 18:03:36.280508 - Found $PRINT.jcl (text/plain) in CBT.V508.FILE041.PDS, moved to PDS/$PRINT
2025-04-08 18:03:36.281165 - Found $TEST1.bin (application/octet-stream) in CBT.V508.FILE041.PDS, moved to PDS/$TEST1
2025-04-08 18:03:36.281840 - Found $TEST4.jcl (text/plain) in CBT.V508.FILE041.PDS, moved to PDS/$TEST4
2025-04-08 18:03:36.282481 - Found $TURN1.jcl (text/plain) in CBT.V508.FILE041.PDS, moved to PDS/$TURN1
2025-04-08 18:03:36.283185 - Found $TURN4.jcl (text/plain) in CBT.V508.FILE041.PDS, moved to PDS/$TURN4
2025-04-08 18:03:36.283797 - Found $XFER.jcl (text/plain) in CBT.V508.FILE041.PDS, moved to PDS/$XFER
2025-04-08 18:03:36.284483 - Found @FILE041.txt (text/plain) in CBT.V508.FILE041.PDS, moved to PDS/@FILE041
2025-04-08 18:03:36.285116 - Found DFAULT.txt (text/plain) in CBT.V508.FILE041.PDS, moved to PDS/DFAULT
2025-04-08 18:03:36.285862 - Found END.txt (text/plain) in CBT.V508.FILE041.PDS, moved to PDS/END
2025-04-08 18:03:36.286613 - Found EXIT1A.txt (text/plain) in CBT.V508.FILE041.PDS, moved to PDS/EXIT1A
2025-04-08 18:03:36.287332 - Found EXIT1B.txt (text/plain) in CBT.V508.FILE041.PDS, moved to PDS/EXIT1B
2025-04-08 18:03:36.288133 - Found EXIT1MIT.txt (text/plain) in CBT.V508.FILE041.PDS, moved to PDS/EXIT1MIT
2025-04-08 18:03:36.288841 - Found EXIT1REG.txt (text/plain) in CBT.V508.FILE041.PDS, moved to PDS/EXIT1REG
2025-04-08 18:03:36.289556 - Found EXIT1TAB.txt (text/plain) in CBT.V508.FILE041.PDS, moved to PDS/EXIT1TAB
2025-04-08 18:03:36.290300 - Found EXIT15.txt (text/plain) in CBT.V508.FILE041.PDS, moved to PDS/EXIT15
2025-04-08 18:03:36.291108 - Found EXIT250.txt (text/plain) in CBT.V508.FILE041.PDS, moved to PDS/EXIT250
2025-04-08 18:03:36.291740 - Found EXIT4MIT.txt (text/plain) in CBT.V508.FILE041.PDS, moved to PDS/EXIT4MIT
2025-04-08 18:03:36.292503 - Found EXIT5.txt (text/plain) in CBT.V508.FILE041.PDS, moved to PDS/EXIT5
2025-04-08 18:03:36.293235 - Found GLOBAL.txt (text/plain) in CBT.V508.FILE041.PDS, moved to PDS/GLOBAL
2025-04-08 18:03:36.293854 - Found SH88.txt (text/plain) in CBT.V508.FILE041.PDS, moved to PDS/SH88
2025-04-08 18:03:36.294589 - Found STD.txt (text/plain) in CBT.V508.FILE041.PDS, moved to PDS/STD
2025-04-08 18:03:36.295284 - Found TESTQ.jcl (text/plain) in CBT.V508.FILE041.PDS, moved to PDS/TESTQ
2025-04-08 18:03:36.295949 - Found ZZ03821.txt (text/plain) in CBT.V508.FILE041.PDS, moved to PDS/ZZ03821
